# JRE version: OpenJDK Runtime Environment (8.0_152-b01) (build 1.8.0_152-release-1343-b01)
# Java VM: OpenJDK 64-Bit Server VM (25.152-b01 mixed mode windows-amd64 compressed oops)
Heap:
 PSYoungGen      total 330752K, used 76244K [0x00000000e0000000, 0x00000000fb300000, 0x0000000100000000)
  eden space 225280K, 33% used [0x00000000e0000000,0x00000000e4a752e0,0x00000000edc00000)
  from space 105472K, 0% used [0x00000000f4c00000,0x00000000f4c00000,0x00000000fb300000)
  to   space 110080K, 0% used [0x00000000edc00000,0x00000000edc00000,0x00000000f4780000)
 ParOldGen       total 246272K, used 79058K [0x00000000a0000000, 0x00000000af080000, 0x00000000e0000000)
  object space 246272K, 32% used [0x00000000a0000000,0x00000000a4d34930,0x00000000af080000)
 Metaspace       used 120478K, capacity 126291K, committed 127180K, reserved 1161216K
  class space    used 14403K, capacity 15370K, committed 15616K, reserved 1048576K
GC Heap History (10 events):
Event: 18530.293 GC heap before
{Heap before GC invocations=101 (full 4):
 PSYoungGen      total 359936K, used 308669K [0x00000000e0000000, 0x00000000fdc80000, 0x0000000100000000)
  eden space 258560K, 100% used [0x00000000e0000000,0x00000000efc80000,0x00000000efc80000)
  from space 101376K, 49% used [0x00000000f7980000,0x00000000faa6f790,0x00000000fdc80000)
  to   space 114688K, 0% used [0x00000000efc80000,0x00000000efc80000,0x00000000f6c80000)
 ParOldGen       total 198144K, used 169043K [0x00000000a0000000, 0x00000000ac180000, 0x00000000e0000000)
  object space 198144K, 85% used [0x00000000a0000000,0x00000000aa514ff0,0x00000000ac180000)
 Metaspace       used 120042K, capacity 125767K, committed 125900K, reserved 1159168K
  class space    used 14368K, capacity 15356K, committed 15360K, reserved 1048576K
Event: 18530.331 GC heap after
Heap after GC invocations=101 (full 4):
 PSYoungGen      total 291840K, used 41776K [0x00000000e0000000, 0x00000000fd000000, 0x0000000100000000)
  eden space 249856K, 0% used [0x00000000e0000000,0x00000000e0000000,0x00000000ef400000)
  from space 41984K, 99% used [0x00000000efc80000,0x00000000f254c3b0,0x00000000f2580000)
  to   space 112640K, 0% used [0x00000000f6200000,0x00000000f6200000,0x00000000fd000000)
 ParOldGen       total 198144K, used 169043K [0x00000000a0000000, 0x00000000ac180000, 0x00000000e0000000)
  object space 198144K, 85% used [0x00000000a0000000,0x00000000aa514ff0,0x00000000ac180000)
 Metaspace       used 120042K, capacity 125767K, committed 125900K, reserved 1159168K
  class space    used 14368K, capacity 15356K, committed 15360K, reserved 1048576K
}
Event: 18564.559 GC heap before
{Heap before GC invocations=102 (full 4):
 PSYoungGen      total 291840K, used 291586K [0x00000000e0000000, 0x00000000fd000000, 0x0000000100000000)
  eden space 249856K, 99% used [0x00000000e0000000,0x00000000ef3f4718,0x00000000ef400000)
  from space 41984K, 99% used [0x00000000efc80000,0x00000000f254c3b0,0x00000000f2580000)
  to   space 112640K, 0% used [0x00000000f6200000,0x00000000f6200000,0x00000000fd000000)
 ParOldGen       total 198144K, used 169043K [0x00000000a0000000, 0x00000000ac180000, 0x00000000e0000000)
  object space 198144K, 85% used [0x00000000a0000000,0x00000000aa514ff0,0x00000000ac180000)
 Metaspace       used 120228K, capacity 126091K, committed 126284K, reserved 1161216K
  class space    used 14386K, capacity 15388K, committed 15488K, reserved 1048576K
Event: 18564.614 GC heap after
Heap after GC invocations=102 (full 4):
 PSYoungGen      total 338944K, used 64933K [0x00000000e0000000, 0x00000000fc180000, 0x0000000100000000)
  eden space 241152K, 0% used [0x00000000e0000000,0x00000000e0000000,0x00000000eeb80000)
  from space 97792K, 66% used [0x00000000f6200000,0x00000000fa169510,0x00000000fc180000)
  to   space 109568K, 0% used [0x00000000eeb80000,0x00000000eeb80000,0x00000000f5680000)
 ParOldGen       total 198144K, used 169043K [0x00000000a0000000, 0x00000000ac180000, 0x00000000e0000000)
  object space 198144K, 85% used [0x00000000a0000000,0x00000000aa514ff0,0x00000000ac180000)
 Metaspace       used 120228K, capacity 126091K, committed 126284K, reserved 1161216K
  class space    used 14386K, capacity 15388K, committed 15488K, reserved 1048576K
}
Event: 18688.851 GC heap before
{Heap before GC invocations=103 (full 4):
 PSYoungGen      total 338944K, used 306085K [0x00000000e0000000, 0x00000000fc180000, 0x0000000100000000)
  eden space 241152K, 100% used [0x00000000e0000000,0x00000000eeb80000,0x00000000eeb80000)
  from space 97792K, 66% used [0x00000000f6200000,0x00000000fa169510,0x00000000fc180000)
  to   space 109568K, 0% used [0x00000000eeb80000,0x00000000eeb80000,0x00000000f5680000)
 ParOldGen       total 198144K, used 169043K [0x00000000a0000000, 0x00000000ac180000, 0x00000000e0000000)
  object space 198144K, 85% used [0x00000000a0000000,0x00000000aa514ff0,0x00000000ac180000)
 Metaspace       used 120680K, capacity 126753K, committed 126796K, reserved 1161216K
  class space    used 14459K, capacity 15477K, committed 15488K, reserved 1048576K
Event: 18688.923 GC heap after
Heap after GC invocations=103 (full 4):
 PSYoungGen      total 298496K, used 65506K [0x00000000e0000000, 0x00000000fb480000, 0x0000000100000000)
  eden space 232960K, 0% used [0x00000000e0000000,0x00000000e0000000,0x00000000ee380000)
  from space 65536K, 99% used [0x00000000eeb80000,0x00000000f2b78aa0,0x00000000f2b80000)
  to   space 107008K, 0% used [0x00000000f4c00000,0x00000000f4c00000,0x00000000fb480000)
 ParOldGen       total 198144K, used 169051K [0x00000000a0000000, 0x00000000ac180000, 0x00000000e0000000)
  object space 198144K, 85% used [0x00000000a0000000,0x00000000aa516ff0,0x00000000ac180000)
 Metaspace       used 120680K, capacity 126753K, committed 126796K, reserved 1161216K
  class space    used 14459K, capacity 15477K, committed 15488K, reserved 1048576K
}
Event: 18723.557 GC heap before
{Heap before GC invocations=104 (full 4):
 PSYoungGen      total 298496K, used 298466K [0x00000000e0000000, 0x00000000fb480000, 0x0000000100000000)
  eden space 232960K, 100% used [0x00000000e0000000,0x00000000ee380000,0x00000000ee380000)
  from space 65536K, 99% used [0x00000000eeb80000,0x00000000f2b78aa0,0x00000000f2b80000)
  to   space 107008K, 0% used [0x00000000f4c00000,0x00000000f4c00000,0x00000000fb480000)
 ParOldGen       total 198144K, used 169051K [0x00000000a0000000, 0x00000000ac180000, 0x00000000e0000000)
  object space 198144K, 85% used [0x00000000a0000000,0x00000000aa516ff0,0x00000000ac180000)
 Metaspace       used 120760K, capacity 126845K, committed 127180K, reserved 1161216K
  class space    used 14467K, capacity 15491K, committed 15616K, reserved 1048576K
Event: 18723.620 GC heap after
Heap after GC invocations=104 (full 4):
 PSYoungGen      total 330752K, used 14567K [0x00000000e0000000, 0x00000000fb300000, 0x0000000100000000)
  eden space 225280K, 0% used [0x00000000e0000000,0x00000000e0000000,0x00000000edc00000)
  from space 105472K, 13% used [0x00000000f4c00000,0x00000000f5a39f58,0x00000000fb300000)
  to   space 110080K, 0% used [0x00000000edc00000,0x00000000edc00000,0x00000000f4780000)
 ParOldGen       total 206336K, used 206172K [0x00000000a0000000, 0x00000000ac980000, 0x00000000e0000000)
  object space 206336K, 99% used [0x00000000a0000000,0x00000000ac957138,0x00000000ac980000)
 Metaspace       used 120760K, capacity 126845K, committed 127180K, reserved 1161216K
  class space    used 14467K, capacity 15491K, committed 15616K, reserved 1048576K
}
Event: 18723.635 GC heap before
{Heap before GC invocations=105 (full 5):
 PSYoungGen      total 330752K, used 14567K [0x00000000e0000000, 0x00000000fb300000, 0x0000000100000000)
  eden space 225280K, 0% used [0x00000000e0000000,0x00000000e0000000,0x00000000edc00000)
  from space 105472K, 13% used [0x00000000f4c00000,0x00000000f5a39f58,0x00000000fb300000)
  to   space 110080K, 0% used [0x00000000edc00000,0x00000000edc00000,0x00000000f4780000)
 ParOldGen       total 206336K, used 206172K [0x00000000a0000000, 0x00000000ac980000, 0x00000000e0000000)
  object space 206336K, 99% used [0x00000000a0000000,0x00000000ac957138,0x00000000ac980000)
 Metaspace       used 120760K, capacity 126845K, committed 127180K, reserved 1161216K
  class space    used 14467K, capacity 15491K, committed 15616K, reserved 1048576K
Event: 18723.977 GC heap after
Heap after GC invocations=105 (full 5):
 PSYoungGen      total 330752K, used 0K [0x00000000e0000000, 0x00000000fb300000, 0x0000000100000000)
  eden space 225280K, 0% used [0x00000000e0000000,0x00000000e0000000,0x00000000edc00000)
  from space 105472K, 0% used [0x00000000f4c00000,0x00000000f4c00000,0x00000000fb300000)
  to   space 110080K, 0% used [0x00000000edc00000,0x00000000edc00000,0x00000000f4780000)
 ParOldGen       total 246272K, used 79058K [0x00000000a0000000, 0x00000000af080000, 0x00000000e0000000)
  object space 246272K, 32% used [0x00000000a0000000,0x00000000a4d34930,0x00000000af080000)
 Metaspace       used 120299K, capacity 126039K, committed 127180K, reserved 1161216K
  class space    used 14380K, capacity 15331K, committed 15616K, reserved 1048576K
}

