# JRE version: OpenJDK Runtime Environment (8.0_152-b01) (build 1.8.0_152-release-1343-b01)
# Java VM: OpenJDK 64-Bit Server VM (25.152-b01 mixed mode windows-amd64 compressed oops)
Heap:
 PSYoungGen      total 340480K, used 212170K [0x00000000e0000000, 0x00000000f8f80000, 0x0000000100000000)
  eden space 281088K, 54% used [0x00000000e0000000,0x00000000e9534a08,0x00000000f1280000)
  from space 59392K, 99% used [0x00000000f1280000,0x00000000f4c7dfc0,0x00000000f4c80000)
  to   space 48128K, 0% used [0x00000000f4c80000,0x00000000f4c80000,0x00000000f7b80000)
 ParOldGen       total 293376K, used 198570K [0x00000000a0000000, 0x00000000b1e80000, 0x00000000e0000000)
  object space 293376K, 67% used [0x00000000a0000000,0x00000000ac1eaba8,0x00000000b1e80000)
 Metaspace       used 126180K, capacity 133256K, committed 133592K, reserved 1167360K
  class space    used 15279K, capacity 16500K, committed 16640K, reserved 1048576K
GC Heap History (10 events):
Event: 28208.158 GC heap before
{Heap before GC invocations=132 (full 5):
 PSYoungGen      total 325632K, used 291869K [0x00000000e0000000, 0x00000000f7200000, 0x0000000100000000)
  eden space 272384K, 100% used [0x00000000e0000000,0x00000000f0a00000,0x00000000f0a00000)
  from space 53248K, 36% used [0x00000000f3b80000,0x00000000f4e87540,0x00000000f6f80000)
  to   space 50688K, 0% used [0x00000000f0a00000,0x00000000f0a00000,0x00000000f3b80000)
 ParOldGen       total 293376K, used 78248K [0x00000000a0000000, 0x00000000b1e80000, 0x00000000e0000000)
  object space 293376K, 26% used [0x00000000a0000000,0x00000000a4c6a0a8,0x00000000b1e80000)
 Metaspace       used 126003K, capacity 133060K, committed 133592K, reserved 1167360K
  class space    used 15270K, capacity 16489K, committed 16640K, reserved 1048576K
Event: 28208.172 GC heap after
Heap after GC invocations=132 (full 5):
 PSYoungGen      total 323072K, used 19971K [0x00000000e0000000, 0x00000000f7b80000, 0x0000000100000000)
  eden space 272384K, 0% used [0x00000000e0000000,0x00000000e0000000,0x00000000f0a00000)
  from space 50688K, 39% used [0x00000000f0a00000,0x00000000f1d80d60,0x00000000f3b80000)
  to   space 48128K, 0% used [0x00000000f4c80000,0x00000000f4c80000,0x00000000f7b80000)
 ParOldGen       total 293376K, used 78776K [0x00000000a0000000, 0x00000000b1e80000, 0x00000000e0000000)
  object space 293376K, 26% used [0x00000000a0000000,0x00000000a4cee0f8,0x00000000b1e80000)
 Metaspace       used 126003K, capacity 133060K, committed 133592K, reserved 1167360K
  class space    used 15270K, capacity 16489K, committed 16640K, reserved 1048576K
}
Event: 28226.498 GC heap before
{Heap before GC invocations=133 (full 5):
 PSYoungGen      total 323072K, used 292355K [0x00000000e0000000, 0x00000000f7b80000, 0x0000000100000000)
  eden space 272384K, 100% used [0x00000000e0000000,0x00000000f0a00000,0x00000000f0a00000)
  from space 50688K, 39% used [0x00000000f0a00000,0x00000000f1d80d60,0x00000000f3b80000)
  to   space 48128K, 0% used [0x00000000f4c80000,0x00000000f4c80000,0x00000000f7b80000)
 ParOldGen       total 293376K, used 78776K [0x00000000a0000000, 0x00000000b1e80000, 0x00000000e0000000)
  object space 293376K, 26% used [0x00000000a0000000,0x00000000a4cee0f8,0x00000000b1e80000)
 Metaspace       used 126005K, capacity 133060K, committed 133592K, reserved 1167360K
  class space    used 15270K, capacity 16489K, committed 16640K, reserved 1048576K
Event: 28226.549 GC heap after
Heap after GC invocations=133 (full 5):
 PSYoungGen      total 329216K, used 48107K [0x00000000e0000000, 0x00000000f8f80000, 0x0000000100000000)
  eden space 281088K, 0% used [0x00000000e0000000,0x00000000e0000000,0x00000000f1280000)
  from space 48128K, 99% used [0x00000000f4c80000,0x00000000f7b7ae70,0x00000000f7b80000)
  to   space 59392K, 0% used [0x00000000f1280000,0x00000000f1280000,0x00000000f4c80000)
 ParOldGen       total 293376K, used 89546K [0x00000000a0000000, 0x00000000b1e80000, 0x00000000e0000000)
  object space 293376K, 30% used [0x00000000a0000000,0x00000000a57729d0,0x00000000b1e80000)
 Metaspace       used 126005K, capacity 133060K, committed 133592K, reserved 1167360K
  class space    used 15270K, capacity 16489K, committed 16640K, reserved 1048576K
}
Event: 28250.390 GC heap before
{Heap before GC invocations=134 (full 5):
 PSYoungGen      total 329216K, used 329195K [0x00000000e0000000, 0x00000000f8f80000, 0x0000000100000000)
  eden space 281088K, 100% used [0x00000000e0000000,0x00000000f1280000,0x00000000f1280000)
  from space 48128K, 99% used [0x00000000f4c80000,0x00000000f7b7ae70,0x00000000f7b80000)
  to   space 59392K, 0% used [0x00000000f1280000,0x00000000f1280000,0x00000000f4c80000)
 ParOldGen       total 293376K, used 89546K [0x00000000a0000000, 0x00000000b1e80000, 0x00000000e0000000)
  object space 293376K, 30% used [0x00000000a0000000,0x00000000a57729d0,0x00000000b1e80000)
 Metaspace       used 126061K, capacity 133124K, committed 133592K, reserved 1167360K
  class space    used 15272K, capacity 16489K, committed 16640K, reserved 1048576K
Event: 28250.448 GC heap after
Heap after GC invocations=134 (full 5):
 PSYoungGen      total 340480K, used 59375K [0x00000000e0000000, 0x00000000f8f80000, 0x0000000100000000)
  eden space 281088K, 0% used [0x00000000e0000000,0x00000000e0000000,0x00000000f1280000)
  from space 59392K, 99% used [0x00000000f1280000,0x00000000f4c7bfe8,0x00000000f4c80000)
  to   space 48128K, 0% used [0x00000000f4c80000,0x00000000f4c80000,0x00000000f7b80000)
 ParOldGen       total 293376K, used 101872K [0x00000000a0000000, 0x00000000b1e80000, 0x00000000e0000000)
  object space 293376K, 34% used [0x00000000a0000000,0x00000000a637c1a0,0x00000000b1e80000)
 Metaspace       used 126061K, capacity 133124K, committed 133592K, reserved 1167360K
  class space    used 15272K, capacity 16489K, committed 16640K, reserved 1048576K
}
Event: 28351.434 GC heap before
{Heap before GC invocations=135 (full 5):
 PSYoungGen      total 340480K, used 340463K [0x00000000e0000000, 0x00000000f8f80000, 0x0000000100000000)
  eden space 281088K, 100% used [0x00000000e0000000,0x00000000f1280000,0x00000000f1280000)
  from space 59392K, 99% used [0x00000000f1280000,0x00000000f4c7bfe8,0x00000000f4c80000)
  to   space 48128K, 0% used [0x00000000f4c80000,0x00000000f4c80000,0x00000000f7b80000)
 ParOldGen       total 293376K, used 101872K [0x00000000a0000000, 0x00000000b1e80000, 0x00000000e0000000)
  object space 293376K, 34% used [0x00000000a0000000,0x00000000a637c1a0,0x00000000b1e80000)
 Metaspace       used 126111K, capacity 133224K, committed 133592K, reserved 1167360K
  class space    used 15275K, capacity 16495K, committed 16640K, reserved 1048576K
Event: 28351.513 GC heap after
Heap after GC invocations=135 (full 5):
 PSYoungGen      total 329216K, used 48101K [0x00000000e0000000, 0x00000000f8f80000, 0x0000000100000000)
  eden space 281088K, 0% used [0x00000000e0000000,0x00000000e0000000,0x00000000f1280000)
  from space 48128K, 99% used [0x00000000f4c80000,0x00000000f7b79608,0x00000000f7b80000)
  to   space 59392K, 0% used [0x00000000f1280000,0x00000000f1280000,0x00000000f4c80000)
 ParOldGen       total 293376K, used 149085K [0x00000000a0000000, 0x00000000b1e80000, 0x00000000e0000000)
  object space 293376K, 50% used [0x00000000a0000000,0x00000000a9197738,0x00000000b1e80000)
 Metaspace       used 126111K, capacity 133224K, committed 133592K, reserved 1167360K
  class space    used 15275K, capacity 16495K, committed 16640K, reserved 1048576K
}
Event: 28389.089 GC heap before
{Heap before GC invocations=136 (full 5):
 PSYoungGen      total 329216K, used 329189K [0x00000000e0000000, 0x00000000f8f80000, 0x0000000100000000)
  eden space 281088K, 100% used [0x00000000e0000000,0x00000000f1280000,0x00000000f1280000)
  from space 48128K, 99% used [0x00000000f4c80000,0x00000000f7b79608,0x00000000f7b80000)
  to   space 59392K, 0% used [0x00000000f1280000,0x00000000f1280000,0x00000000f4c80000)
 ParOldGen       total 293376K, used 149085K [0x00000000a0000000, 0x00000000b1e80000, 0x00000000e0000000)
  object space 293376K, 50% used [0x00000000a0000000,0x00000000a9197738,0x00000000b1e80000)
 Metaspace       used 126164K, capacity 133238K, committed 133592K, reserved 1167360K
  class space    used 15277K, capacity 16497K, committed 16640K, reserved 1048576K
Event: 28389.203 GC heap after
Heap after GC invocations=136 (full 5):
 PSYoungGen      total 340480K, used 59383K [0x00000000e0000000, 0x00000000f8f80000, 0x0000000100000000)
  eden space 281088K, 0% used [0x00000000e0000000,0x00000000e0000000,0x00000000f1280000)
  from space 59392K, 99% used [0x00000000f1280000,0x00000000f4c7dfc0,0x00000000f4c80000)
  to   space 48128K, 0% used [0x00000000f4c80000,0x00000000f4c80000,0x00000000f7b80000)
 ParOldGen       total 293376K, used 198570K [0x00000000a0000000, 0x00000000b1e80000, 0x00000000e0000000)
  object space 293376K, 67% used [0x00000000a0000000,0x00000000ac1eaba8,0x00000000b1e80000)
 Metaspace       used 126164K, capacity 133238K, committed 133592K, reserved 1167360K
  class space    used 15277K, capacity 16497K, committed 16640K, reserved 1048576K
}

