# JRE version: OpenJDK Runtime Environment (8.0_152-b01) (build 1.8.0_152-release-1343-b01)
# Java VM: OpenJDK 64-Bit Server VM (25.152-b01 mixed mode windows-amd64 compressed oops)
Heap:
 PSYoungGen      total 383488K, used 199399K [0x00000000e0000000, 0x0000000100000000, 0x0000000100000000)
  eden space 304128K, 39% used [0x00000000e0000000,0x00000000e7577840,0x00000000f2900000)
  from space 79360K, 99% used [0x00000000f3300000,0x00000000f80425e0,0x00000000f8080000)
  to   space 112128K, 0% used [0x00000000f9280000,0x00000000f9280000,0x0000000100000000)
 ParOldGen       total 289792K, used 262315K [0x00000000a0000000, 0x00000000b1b00000, 0x00000000e0000000)
  object space 289792K, 90% used [0x00000000a0000000,0x00000000b002aeb8,0x00000000b1b00000)
 Metaspace       used 135300K, capacity 144776K, committed 144936K, reserved 1175552K
  class space    used 16308K, capacity 18202K, committed 18216K, reserved 1048576K
GC Heap History (10 events):
Event: 10037.068 GC heap before
{Heap before GC invocations=118 (full 5):
 PSYoungGen      total 423936K, used 421645K [0x00000000e0000000, 0x00000000ff280000, 0x0000000100000000)
  eden space 379392K, 100% used [0x00000000e0000000,0x00000000f7280000,0x00000000f7280000)
  from space 44544K, 94% used [0x00000000fc700000,0x00000000ff0436f8,0x00000000ff280000)
  to   space 65536K, 0% used [0x00000000f7280000,0x00000000f7280000,0x00000000fb280000)
 ParOldGen       total 289792K, used 248724K [0x00000000a0000000, 0x00000000b1b00000, 0x00000000e0000000)
  object space 289792K, 85% used [0x00000000a0000000,0x00000000af2e53d0,0x00000000b1b00000)
 Metaspace       used 134548K, capacity 143514K, committed 143656K, reserved 1175552K
  class space    used 16220K, capacity 17923K, committed 17960K, reserved 1048576K
Event: 10037.100 GC heap after
Heap after GC invocations=118 (full 5):
 PSYoungGen      total 415232K, used 49044K [0x00000000e0000000, 0x00000000fee80000, 0x0000000100000000)
  eden space 366080K, 0% used [0x00000000e0000000,0x00000000e0000000,0x00000000f6580000)
  from space 49152K, 99% used [0x00000000f7280000,0x00000000fa2653c8,0x00000000fa280000)
  to   space 70144K, 0% used [0x00000000faa00000,0x00000000faa00000,0x00000000fee80000)
 ParOldGen       total 289792K, used 248732K [0x00000000a0000000, 0x00000000b1b00000, 0x00000000e0000000)
  object space 289792K, 85% used [0x00000000a0000000,0x00000000af2e73d0,0x00000000b1b00000)
 Metaspace       used 134548K, capacity 143514K, committed 143656K, reserved 1175552K
  class space    used 16220K, capacity 17923K, committed 17960K, reserved 1048576K
}
Event: 10102.814 GC heap before
{Heap before GC invocations=119 (full 5):
 PSYoungGen      total 415232K, used 415124K [0x00000000e0000000, 0x00000000fee80000, 0x0000000100000000)
  eden space 366080K, 100% used [0x00000000e0000000,0x00000000f6580000,0x00000000f6580000)
  from space 49152K, 99% used [0x00000000f7280000,0x00000000fa2653c8,0x00000000fa280000)
  to   space 70144K, 0% used [0x00000000faa00000,0x00000000faa00000,0x00000000fee80000)
 ParOldGen       total 289792K, used 248732K [0x00000000a0000000, 0x00000000b1b00000, 0x00000000e0000000)
  object space 289792K, 85% used [0x00000000a0000000,0x00000000af2e73d0,0x00000000b1b00000)
 Metaspace       used 134569K, capacity 143514K, committed 143656K, reserved 1175552K
  class space    used 16220K, capacity 17923K, committed 17960K, reserved 1048576K
Event: 10102.869 GC heap after
Heap after GC invocations=119 (full 5):
 PSYoungGen      total 423424K, used 70139K [0x00000000e0000000, 0x00000000ffb00000, 0x0000000100000000)
  eden space 353280K, 0% used [0x00000000e0000000,0x00000000e0000000,0x00000000f5900000)
  from space 70144K, 99% used [0x00000000faa00000,0x00000000fee7ef20,0x00000000fee80000)
  to   space 82944K, 0% used [0x00000000f5900000,0x00000000f5900000,0x00000000faa00000)
 ParOldGen       total 289792K, used 253896K [0x00000000a0000000, 0x00000000b1b00000, 0x00000000e0000000)
  object space 289792K, 87% used [0x00000000a0000000,0x00000000af7f21d0,0x00000000b1b00000)
 Metaspace       used 134569K, capacity 143514K, committed 143656K, reserved 1175552K
  class space    used 16220K, capacity 17923K, committed 17960K, reserved 1048576K
}
Event: 10242.933 GC heap before
{Heap before GC invocations=120 (full 5):
 PSYoungGen      total 423424K, used 423419K [0x00000000e0000000, 0x00000000ffb00000, 0x0000000100000000)
  eden space 353280K, 100% used [0x00000000e0000000,0x00000000f5900000,0x00000000f5900000)
  from space 70144K, 99% used [0x00000000faa00000,0x00000000fee7ef20,0x00000000fee80000)
  to   space 82944K, 0% used [0x00000000f5900000,0x00000000f5900000,0x00000000faa00000)
 ParOldGen       total 289792K, used 253896K [0x00000000a0000000, 0x00000000b1b00000, 0x00000000e0000000)
  object space 289792K, 87% used [0x00000000a0000000,0x00000000af7f21d0,0x00000000b1b00000)
 Metaspace       used 135056K, capacity 144398K, committed 144680K, reserved 1175552K
  class space    used 16286K, capacity 18121K, committed 18216K, reserved 1048576K
Event: 10242.989 GC heap after
Heap after GC invocations=120 (full 5):
 PSYoungGen      total 400896K, used 59835K [0x00000000e0000000, 0x00000000ff900000, 0x0000000100000000)
  eden space 340992K, 0% used [0x00000000e0000000,0x00000000e0000000,0x00000000f4d00000)
  from space 59904K, 99% used [0x00000000f5900000,0x00000000f936ed58,0x00000000f9380000)
  to   space 88064K, 0% used [0x00000000fa300000,0x00000000fa300000,0x00000000ff900000)
 ParOldGen       total 289792K, used 254080K [0x00000000a0000000, 0x00000000b1b00000, 0x00000000e0000000)
  object space 289792K, 87% used [0x00000000a0000000,0x00000000af8201d0,0x00000000b1b00000)
 Metaspace       used 135056K, capacity 144398K, committed 144680K, reserved 1175552K
  class space    used 16286K, capacity 18121K, committed 18216K, reserved 1048576K
}
Event: 10431.763 GC heap before
{Heap before GC invocations=121 (full 5):
 PSYoungGen      total 400896K, used 400827K [0x00000000e0000000, 0x00000000ff900000, 0x0000000100000000)
  eden space 340992K, 100% used [0x00000000e0000000,0x00000000f4d00000,0x00000000f4d00000)
  from space 59904K, 99% used [0x00000000f5900000,0x00000000f936ed58,0x00000000f9380000)
  to   space 88064K, 0% used [0x00000000fa300000,0x00000000fa300000,0x00000000ff900000)
 ParOldGen       total 289792K, used 254080K [0x00000000a0000000, 0x00000000b1b00000, 0x00000000e0000000)
  object space 289792K, 87% used [0x00000000a0000000,0x00000000af8201d0,0x00000000b1b00000)
 Metaspace       used 135223K, capacity 144706K, committed 144936K, reserved 1175552K
  class space    used 16305K, capacity 18201K, committed 18216K, reserved 1048576K
Event: 10431.836 GC heap after
Heap after GC invocations=121 (full 5):
 PSYoungGen      total 402432K, used 88059K [0x00000000e0000000, 0x0000000100000000, 0x0000000100000000)
  eden space 314368K, 0% used [0x00000000e0000000,0x00000000e0000000,0x00000000f3300000)
  from space 88064K, 99% used [0x00000000fa300000,0x00000000ff8fec18,0x00000000ff900000)
  to   space 104960K, 0% used [0x00000000f3300000,0x00000000f3300000,0x00000000f9980000)
 ParOldGen       total 289792K, used 261631K [0x00000000a0000000, 0x00000000b1b00000, 0x00000000e0000000)
  object space 289792K, 90% used [0x00000000a0000000,0x00000000aff7fe88,0x00000000b1b00000)
 Metaspace       used 135223K, capacity 144706K, committed 144936K, reserved 1175552K
  class space    used 16305K, capacity 18201K, committed 18216K, reserved 1048576K
}
Event: 10517.705 GC heap before
{Heap before GC invocations=122 (full 5):
 PSYoungGen      total 402432K, used 402427K [0x00000000e0000000, 0x0000000100000000, 0x0000000100000000)
  eden space 314368K, 100% used [0x00000000e0000000,0x00000000f3300000,0x00000000f3300000)
  from space 88064K, 99% used [0x00000000fa300000,0x00000000ff8fec18,0x00000000ff900000)
  to   space 104960K, 0% used [0x00000000f3300000,0x00000000f3300000,0x00000000f9980000)
 ParOldGen       total 289792K, used 261631K [0x00000000a0000000, 0x00000000b1b00000, 0x00000000e0000000)
  object space 289792K, 90% used [0x00000000a0000000,0x00000000aff7fe88,0x00000000b1b00000)
 Metaspace       used 135298K, capacity 144776K, committed 144936K, reserved 1175552K
  class space    used 16307K, capacity 18202K, committed 18216K, reserved 1048576K
Event: 10517.763 GC heap after
Heap after GC invocations=122 (full 5):
 PSYoungGen      total 383488K, used 79113K [0x00000000e0000000, 0x0000000100000000, 0x0000000100000000)
  eden space 304128K, 0% used [0x00000000e0000000,0x00000000e0000000,0x00000000f2900000)
  from space 79360K, 99% used [0x00000000f3300000,0x00000000f80425e0,0x00000000f8080000)
  to   space 112128K, 0% used [0x00000000f9280000,0x00000000f9280000,0x0000000100000000)
 ParOldGen       total 289792K, used 262315K [0x00000000a0000000, 0x00000000b1b00000, 0x00000000e0000000)
  object space 289792K, 90% used [0x00000000a0000000,0x00000000b002aeb8,0x00000000b1b00000)
 Metaspace       used 135298K, capacity 144776K, committed 144936K, reserved 1175552K
  class space    used 16307K, capacity 18202K, committed 18216K, reserved 1048576K
}

